<?xml version="1.0" encoding="utf-8"?><testsuites name="pytest tests"><testsuite name="pytest" errors="0" failures="0" skipped="0" tests="20" time="4.297" timestamp="2026-04-25T12:32:58.233848+00:00" hostname="agent-env-73db885e-bcb8-4147-9dce-44258142ad65"><testcase classname="backend.tests.backend_test" name="test_root" time="0.319" /><testcase classname="backend.tests.backend_test" name="test_health" time="0.103" /><testcase classname="backend.tests.backend_test" name="test_booking_consent_false_rejected" time="0.116" /><testcase classname="backend.tests.backend_test" name="test_booking_consent_true_ok" time="0.117" /><testcase classname="backend.tests.backend_test" name="test_enquiry_consent_flow" time="0.241" /><testcase classname="backend.tests.backend_test" name="test_scholarship_consent_flow" time="0.292" /><testcase classname="backend.tests.backend_test" name="test_contact_no_consent_required" time="0.114" /><testcase classname="backend.tests.backend_test" name="test_public_toppers_list" time="0.096" /><testcase classname="backend.tests.backend_test" name="test_admin_login_wrong_password" time="0.110" /><testcase classname="backend.tests.backend_test" name="test_admin_login_correct" time="0.103" /><testcase classname="backend.tests.backend_test" name="test_admin_verify_invalid_token" time="0.108" /><testcase classname="backend.tests.backend_test" name="test_admin_verify_with_token" time="0.108" /><testcase classname="backend.tests.backend_test" name="test_admin_verify_without_token" time="0.159" /><testcase classname="backend.tests.backend_test" name="test_admin_bookings_requires_auth" time="0.098" /><testcase classname="backend.tests.backend_test" name="test_admin_lists_return_data_no_id" time="0.487" /><testcase classname="backend.tests.backend_test" name="test_booking_status_update" time="0.469" /><testcase classname="backend.tests.backend_test" name="test_enquiry_status_update" time="0.341" /><testcase classname="backend.tests.backend_test" name="test_toppers_crud" time="0.566" /><testcase classname="backend.tests.backend_test" name="test_admin_dashboard" time="0.107" /><testcase classname="backend.tests.backend_test" name="test_admin_export_csv" time="0.095" /></testsuite></testsuites>