<?xml version="1.0" encoding="utf-8"?><testsuites name="pytest tests"><testsuite name="pytest" errors="0" failures="0" skipped="0" tests="18" time="3.927" timestamp="2026-04-21T11:09:27.943977+00:00" hostname="agent-env-73db885e-bcb8-4147-9dce-44258142ad65"><testcase classname="backend.tests.backend_test" name="test_health" time="0.231" /><testcase classname="backend.tests.backend_test" name="test_booking_consent_false_rejected" time="0.124" /><testcase classname="backend.tests.backend_test" name="test_booking_consent_true_ok" time="0.147" /><testcase classname="backend.tests.backend_test" name="test_enquiry_consent_flow" time="0.236" /><testcase classname="backend.tests.backend_test" name="test_scholarship_consent_flow" time="0.295" /><testcase classname="backend.tests.backend_test" name="test_contact_no_consent_required" time="0.138" /><testcase classname="backend.tests.backend_test" name="test_public_toppers_list" time="0.130" /><testcase classname="backend.tests.backend_test" name="test_admin_login_wrong_password" time="0.100" /><testcase classname="backend.tests.backend_test" name="test_admin_login_correct" time="0.097" /><testcase classname="backend.tests.backend_test" name="test_admin_verify_with_token" time="0.111" /><testcase classname="backend.tests.backend_test" name="test_admin_verify_without_token" time="0.100" /><testcase classname="backend.tests.backend_test" name="test_admin_bookings_requires_auth" time="0.102" /><testcase classname="backend.tests.backend_test" name="test_admin_lists_return_data_no_id" time="0.462" /><testcase classname="backend.tests.backend_test" name="test_booking_status_update" time="0.425" /><testcase classname="backend.tests.backend_test" name="test_enquiry_status_update" time="0.352" /><testcase classname="backend.tests.backend_test" name="test_toppers_crud" time="0.544" /><testcase classname="backend.tests.backend_test" name="test_admin_dashboard" time="0.096" /><testcase classname="backend.tests.backend_test" name="test_admin_export_csv" time="0.101" /></testsuite></testsuites>